{"/home/volkan/WebstormProjects/Fileshare/app.js": {"path":"/home/volkan/WebstormProjects/Fileshare/app.js","statementMap":{"0":{"start":{"line":1,"column":14},"end":{"line":1,"column":32}},"1":{"start":{"line":2,"column":10},"end":{"line":2,"column":19}},"2":{"start":{"line":3,"column":9},"end":{"line":3,"column":24}},"3":{"start":{"line":4,"column":21},"end":{"line":4,"column":53}},"4":{"start":{"line":5,"column":17},"end":{"line":5,"column":40}},"5":{"start":{"line":6,"column":12},"end":{"line":6,"column":30}},"6":{"start":{"line":7,"column":0},"end":{"line":7,"column":37}},"7":{"start":{"line":8,"column":0},"end":{"line":8,"column":34}},"8":{"start":{"line":9,"column":0},"end":{"line":9,"column":28}},"9":{"start":{"line":10,"column":18},"end":{"line":10,"column":42}},"10":{"start":{"line":12,"column":0},"end":{"line":19,"column":2}},"11":{"start":{"line":13,"column":20},"end":{"line":13,"column":38}},"12":{"start":{"line":14,"column":19},"end":{"line":14,"column":61}},"13":{"start":{"line":15,"column":4},"end":{"line":18,"column":37}},"14":{"start":{"line":16,"column":8},"end":{"line":16,"column":39}},"15":{"start":{"line":18,"column":8},"end":{"line":18,"column":37}},"16":{"start":{"line":20,"column":0},"end":{"line":20,"column":21}}},"fnMap":{"0":{"name":"(anonymous_0)","decl":{"start":{"line":12,"column":20},"end":{"line":12,"column":21}},"loc":{"start":{"line":12,"column":45},"end":{"line":19,"column":1}},"line":12}},"branchMap":{"0":{"loc":{"start":{"line":15,"column":4},"end":{"line":18,"column":37}},"type":"if","locations":[{"start":{"line":15,"column":4},"end":{"line":18,"column":37}},{"start":{"line":15,"column":4},"end":{"line":18,"column":37}}],"line":15}},"s":{"0":1,"1":1,"2":1,"3":1,"4":1,"5":1,"6":1,"7":1,"8":1,"9":1,"10":1,"11":0,"12":0,"13":0,"14":0,"15":0,"16":1},"f":{"0":0},"b":{"0":[0,0]},"_coverageSchema":"1a1c01bbd47fc00a2c39e90264f33305004495a9","hash":"cf7bae4d56a05c0d2b7531ec2cd05f4bdd3c6af5"}
,"/home/volkan/WebstormProjects/Fileshare/config.js": {"path":"/home/volkan/WebstormProjects/Fileshare/config.js","statementMap":{"0":{"start":{"line":2,"column":0},"end":{"line":5,"column":4}}},"fnMap":{},"branchMap":{},"s":{"0":1},"f":{},"b":{},"_coverageSchema":"1a1c01bbd47fc00a2c39e90264f33305004495a9","hash":"bf0ff0840d828f79733f4a1746eabed9a761ae5d"}
,"/home/volkan/WebstormProjects/Fileshare/db.js": {"path":"/home/volkan/WebstormProjects/Fileshare/db.js","statementMap":{"0":{"start":{"line":1,"column":15},"end":{"line":1,"column":34}},"1":{"start":{"line":2,"column":0},"end":{"line":7,"column":1}},"2":{"start":{"line":3,"column":4},"end":{"line":3,"column":221}},"3":{"start":{"line":3,"column":124},"end":{"line":3,"column":157}},"4":{"start":{"line":3,"column":172},"end":{"line":3,"column":219}},"5":{"start":{"line":5,"column":0},"end":{"line":5,"column":213}},"6":{"start":{"line":5,"column":116},"end":{"line":5,"column":149}},"7":{"start":{"line":5,"column":164},"end":{"line":5,"column":211}},"8":{"start":{"line":6,"column":0},"end":{"line":6,"column":26}}},"fnMap":{"0":{"name":"(anonymous_0)","decl":{"start":{"line":3,"column":119},"end":{"line":3,"column":120}},"loc":{"start":{"line":3,"column":124},"end":{"line":3,"column":157}},"line":3},"1":{"name":"(anonymous_1)","decl":{"start":{"line":3,"column":165},"end":{"line":3,"column":166}},"loc":{"start":{"line":3,"column":172},"end":{"line":3,"column":219}},"line":3},"2":{"name":"(anonymous_2)","decl":{"start":{"line":5,"column":111},"end":{"line":5,"column":112}},"loc":{"start":{"line":5,"column":116},"end":{"line":5,"column":149}},"line":5},"3":{"name":"(anonymous_3)","decl":{"start":{"line":5,"column":157},"end":{"line":5,"column":158}},"loc":{"start":{"line":5,"column":164},"end":{"line":5,"column":211}},"line":5}},"branchMap":{"0":{"loc":{"start":{"line":2,"column":0},"end":{"line":7,"column":1}},"type":"if","locations":[{"start":{"line":2,"column":0},"end":{"line":7,"column":1}},{"start":{"line":2,"column":0},"end":{"line":7,"column":1}}],"line":2}},"s":{"0":1,"1":1,"2":1,"3":1,"4":0,"5":0,"6":0,"7":0,"8":0},"f":{"0":1,"1":0,"2":0,"3":0},"b":{"0":[1,0]},"_coverageSchema":"1a1c01bbd47fc00a2c39e90264f33305004495a9","hash":"c5cef43c7dbedd565a8aa2d1ec009e3da56dfe96"}
,"/home/volkan/WebstormProjects/Fileshare/fileupload.js": {"path":"/home/volkan/WebstormProjects/Fileshare/fileupload.js","statementMap":{"0":{"start":{"line":1,"column":16},"end":{"line":1,"column":34}},"1":{"start":{"line":2,"column":16},"end":{"line":2,"column":33}},"2":{"start":{"line":3,"column":15},"end":{"line":3,"column":34}},"3":{"start":{"line":4,"column":17},"end":{"line":4,"column":36}},"4":{"start":{"line":5,"column":11},"end":{"line":5,"column":24}},"5":{"start":{"line":6,"column":15},"end":{"line":6,"column":32}},"6":{"start":{"line":7,"column":10},"end":{"line":7,"column":33}},"7":{"start":{"line":8,"column":15},"end":{"line":8,"column":32}},"8":{"start":{"line":9,"column":11},"end":{"line":9,"column":26}},"9":{"start":{"line":10,"column":13},"end":{"line":10,"column":29}},"10":{"start":{"line":11,"column":15},"end":{"line":11,"column":34}},"11":{"start":{"line":12,"column":11},"end":{"line":12,"column":36}},"12":{"start":{"line":13,"column":15},"end":{"line":13,"column":39}},"13":{"start":{"line":14,"column":18},"end":{"line":14,"column":47}},"14":{"start":{"line":16,"column":0},"end":{"line":16,"column":18}},"15":{"start":{"line":23,"column":1},"end":{"line":42,"column":3}},"16":{"start":{"line":24,"column":21},"end":{"line":24,"column":23}},"17":{"start":{"line":25,"column":4},"end":{"line":40,"column":5}},"18":{"start":{"line":26,"column":20},"end":{"line":26,"column":48}},"19":{"start":{"line":27,"column":8},"end":{"line":39,"column":75}},"20":{"start":{"line":28,"column":12},"end":{"line":33,"column":14}},"21":{"start":{"line":35,"column":8},"end":{"line":39,"column":75}},"22":{"start":{"line":41,"column":4},"end":{"line":41,"column":35}},"23":{"start":{"line":48,"column":1},"end":{"line":75,"column":3}},"24":{"start":{"line":50,"column":18},"end":{"line":50,"column":32}},"25":{"start":{"line":52,"column":20},"end":{"line":60,"column":6}},"26":{"start":{"line":54,"column":12},"end":{"line":54,"column":62}},"27":{"start":{"line":57,"column":12},"end":{"line":57,"column":40}},"28":{"start":{"line":58,"column":12},"end":{"line":58,"column":46}},"29":{"start":{"line":62,"column":17},"end":{"line":62,"column":62}},"30":{"start":{"line":64,"column":4},"end":{"line":74,"column":7}},"31":{"start":{"line":65,"column":8},"end":{"line":67,"column":9}},"32":{"start":{"line":66,"column":12},"end":{"line":66,"column":64}},"33":{"start":{"line":68,"column":25},"end":{"line":68,"column":42}},"34":{"start":{"line":69,"column":8},"end":{"line":73,"column":74}},"35":{"start":{"line":77,"column":1},"end":{"line":102,"column":2}},"36":{"start":{"line":79,"column":5},"end":{"line":87,"column":6}},"37":{"start":{"line":80,"column":9},"end":{"line":80,"column":71}},"38":{"start":{"line":81,"column":9},"end":{"line":81,"column":39}},"39":{"start":{"line":85,"column":9},"end":{"line":85,"column":56}},"40":{"start":{"line":86,"column":9},"end":{"line":86,"column":88}},"41":{"start":{"line":88,"column":20},"end":{"line":88,"column":41}},"42":{"start":{"line":90,"column":5},"end":{"line":101,"column":6}},"43":{"start":{"line":91,"column":9},"end":{"line":91,"column":70}},"44":{"start":{"line":92,"column":9},"end":{"line":96,"column":96}},"45":{"start":{"line":98,"column":10},"end":{"line":101,"column":6}},"46":{"start":{"line":99,"column":9},"end":{"line":99,"column":47}},"47":{"start":{"line":100,"column":9},"end":{"line":100,"column":51}},"48":{"start":{"line":104,"column":0},"end":{"line":168,"column":2}},"49":{"start":{"line":105,"column":20},"end":{"line":105,"column":66}},"50":{"start":{"line":106,"column":20},"end":{"line":106,"column":41}},"51":{"start":{"line":108,"column":21},"end":{"line":108,"column":25}},"52":{"start":{"line":109,"column":4},"end":{"line":114,"column":5}},"53":{"start":{"line":110,"column":8},"end":{"line":110,"column":37}},"54":{"start":{"line":112,"column":8},"end":{"line":112,"column":27}},"55":{"start":{"line":113,"column":8},"end":{"line":113,"column":65}},"56":{"start":{"line":115,"column":20},"end":{"line":115,"column":37}},"57":{"start":{"line":117,"column":4},"end":{"line":134,"column":5}},"58":{"start":{"line":118,"column":26},"end":{"line":118,"column":80}},"59":{"start":{"line":119,"column":22},"end":{"line":119,"column":76}},"60":{"start":{"line":120,"column":8},"end":{"line":120,"column":64}},"61":{"start":{"line":121,"column":27},"end":{"line":121,"column":53}},"62":{"start":{"line":122,"column":8},"end":{"line":122,"column":43}},"63":{"start":{"line":125,"column":30},"end":{"line":125,"column":54}},"64":{"start":{"line":126,"column":33},"end":{"line":126,"column":57}},"65":{"start":{"line":127,"column":29},"end":{"line":127,"column":79}},"66":{"start":{"line":128,"column":8},"end":{"line":128,"column":77}},"67":{"start":{"line":129,"column":28},"end":{"line":129,"column":52}},"68":{"start":{"line":130,"column":29},"end":{"line":130,"column":53}},"69":{"start":{"line":131,"column":8},"end":{"line":131,"column":67}},"70":{"start":{"line":132,"column":25},"end":{"line":132,"column":58}},"71":{"start":{"line":133,"column":8},"end":{"line":133,"column":50}},"72":{"start":{"line":135,"column":19},"end":{"line":135,"column":32}},"73":{"start":{"line":136,"column":17},"end":{"line":136,"column":52}},"74":{"start":{"line":137,"column":18},"end":{"line":137,"column":20}},"75":{"start":{"line":138,"column":24},"end":{"line":138,"column":48}},"76":{"start":{"line":139,"column":4},"end":{"line":167,"column":5}},"77":{"start":{"line":140,"column":8},"end":{"line":160,"column":9}},"78":{"start":{"line":141,"column":12},"end":{"line":141,"column":71}},"79":{"start":{"line":142,"column":12},"end":{"line":149,"column":14}},"80":{"start":{"line":151,"column":12},"end":{"line":151,"column":64}},"81":{"start":{"line":152,"column":12},"end":{"line":159,"column":14}},"82":{"start":{"line":161,"column":8},"end":{"line":161,"column":51}},"83":{"start":{"line":161,"column":22},"end":{"line":161,"column":51}},"84":{"start":{"line":163,"column":8},"end":{"line":166,"column":9}},"85":{"start":{"line":164,"column":12},"end":{"line":165,"column":55}},"86":{"start":{"line":164,"column":33},"end":{"line":164,"column":64}},"87":{"start":{"line":165,"column":17},"end":{"line":165,"column":55}},"88":{"start":{"line":173,"column":0},"end":{"line":232,"column":2}},"89":{"start":{"line":174,"column":18},"end":{"line":174,"column":64}},"90":{"start":{"line":176,"column":4},"end":{"line":181,"column":5}},"91":{"start":{"line":177,"column":9},"end":{"line":177,"column":38}},"92":{"start":{"line":179,"column":8},"end":{"line":179,"column":98}},"93":{"start":{"line":180,"column":8},"end":{"line":180,"column":14}},"94":{"start":{"line":182,"column":4},"end":{"line":182,"column":23}},"95":{"start":{"line":183,"column":4},"end":{"line":188,"column":5}},"96":{"start":{"line":184,"column":8},"end":{"line":184,"column":76}},"97":{"start":{"line":186,"column":8},"end":{"line":186,"column":108}},"98":{"start":{"line":187,"column":8},"end":{"line":187,"column":15}},"99":{"start":{"line":190,"column":4},"end":{"line":191,"column":43}},"100":{"start":{"line":190,"column":28},"end":{"line":190,"column":89}},"101":{"start":{"line":191,"column":9},"end":{"line":191,"column":43}},"102":{"start":{"line":192,"column":15},"end":{"line":192,"column":54}},"103":{"start":{"line":193,"column":4},"end":{"line":193,"column":21}},"104":{"start":{"line":194,"column":18},"end":{"line":194,"column":78}},"105":{"start":{"line":195,"column":18},"end":{"line":195,"column":49}},"106":{"start":{"line":197,"column":18},"end":{"line":197,"column":20}},"107":{"start":{"line":199,"column":4},"end":{"line":203,"column":5}},"108":{"start":{"line":200,"column":8},"end":{"line":200,"column":43}},"109":{"start":{"line":202,"column":8},"end":{"line":202,"column":39}},"110":{"start":{"line":204,"column":4},"end":{"line":231,"column":5}},"111":{"start":{"line":205,"column":8},"end":{"line":225,"column":9}},"112":{"start":{"line":206,"column":12},"end":{"line":206,"column":60}},"113":{"start":{"line":207,"column":12},"end":{"line":214,"column":14}},"114":{"start":{"line":216,"column":12},"end":{"line":216,"column":62}},"115":{"start":{"line":217,"column":12},"end":{"line":224,"column":14}},"116":{"start":{"line":226,"column":8},"end":{"line":226,"column":37}},"117":{"start":{"line":229,"column":8},"end":{"line":230,"column":77}},"118":{"start":{"line":229,"column":29},"end":{"line":229,"column":93}},"119":{"start":{"line":230,"column":13},"end":{"line":230,"column":77}},"120":{"start":{"line":234,"column":1},"end":{"line":247,"column":2}},"121":{"start":{"line":235,"column":5},"end":{"line":235,"column":14}},"122":{"start":{"line":236,"column":18},"end":{"line":236,"column":61}},"123":{"start":{"line":237,"column":18},"end":{"line":237,"column":35}},"124":{"start":{"line":239,"column":5},"end":{"line":244,"column":6}},"125":{"start":{"line":240,"column":9},"end":{"line":240,"column":40}},"126":{"start":{"line":242,"column":10},"end":{"line":244,"column":6}},"127":{"start":{"line":243,"column":9},"end":{"line":243,"column":42}},"128":{"start":{"line":245,"column":5},"end":{"line":246,"column":28}},"129":{"start":{"line":245,"column":23},"end":{"line":245,"column":53}},"130":{"start":{"line":246,"column":10},"end":{"line":246,"column":28}},"131":{"start":{"line":251,"column":1},"end":{"line":264,"column":3}},"132":{"start":{"line":252,"column":18},"end":{"line":252,"column":61}},"133":{"start":{"line":253,"column":5},"end":{"line":263,"column":6}},"134":{"start":{"line":254,"column":22},"end":{"line":254,"column":39}},"135":{"start":{"line":255,"column":9},"end":{"line":257,"column":10}},"136":{"start":{"line":256,"column":13},"end":{"line":256,"column":71}},"137":{"start":{"line":258,"column":9},"end":{"line":260,"column":10}},"138":{"start":{"line":259,"column":13},"end":{"line":259,"column":70}},"139":{"start":{"line":262,"column":9},"end":{"line":262,"column":32}},"140":{"start":{"line":265,"column":0},"end":{"line":310,"column":2}},"141":{"start":{"line":266,"column":23},"end":{"line":266,"column":66}},"142":{"start":{"line":267,"column":4},"end":{"line":309,"column":5}},"143":{"start":{"line":268,"column":21},"end":{"line":268,"column":44}},"144":{"start":{"line":269,"column":8},"end":{"line":305,"column":9}},"145":{"start":{"line":270,"column":26},"end":{"line":270,"column":41}},"146":{"start":{"line":271,"column":12},"end":{"line":271,"column":32}},"147":{"start":{"line":272,"column":12},"end":{"line":300,"column":13}},"148":{"start":{"line":273,"column":26},"end":{"line":279,"column":18}},"149":{"start":{"line":274,"column":20},"end":{"line":278,"column":21}},"150":{"start":{"line":274,"column":28},"end":{"line":274,"column":82}},"151":{"start":{"line":276,"column":24},"end":{"line":276,"column":61}},"152":{"start":{"line":276,"column":39},"end":{"line":276,"column":61}},"153":{"start":{"line":277,"column":24},"end":{"line":277,"column":41}},"154":{"start":{"line":280,"column":16},"end":{"line":297,"column":17}},"155":{"start":{"line":281,"column":20},"end":{"line":281,"column":53}},"156":{"start":{"line":282,"column":33},"end":{"line":282,"column":59}},"157":{"start":{"line":283,"column":20},"end":{"line":283,"column":53}},"158":{"start":{"line":286,"column":20},"end":{"line":286,"column":57}},"159":{"start":{"line":287,"column":33},"end":{"line":287,"column":59}},"160":{"start":{"line":288,"column":32},"end":{"line":292,"column":22}},"161":{"start":{"line":293,"column":20},"end":{"line":296,"column":22}},"162":{"start":{"line":294,"column":24},"end":{"line":294,"column":95}},"163":{"start":{"line":294,"column":33},"end":{"line":294,"column":95}},"164":{"start":{"line":295,"column":24},"end":{"line":295,"column":57}},"165":{"start":{"line":299,"column":15},"end":{"line":299,"column":67}},"166":{"start":{"line":302,"column":13},"end":{"line":305,"column":9}},"167":{"start":{"line":303,"column":12},"end":{"line":303,"column":37}},"168":{"start":{"line":304,"column":12},"end":{"line":304,"column":96}},"169":{"start":{"line":307,"column":8},"end":{"line":307,"column":37}},"170":{"start":{"line":308,"column":8},"end":{"line":308,"column":38}},"171":{"start":{"line":312,"column":16},"end":{"line":312,"column":24}},"172":{"start":{"line":314,"column":4},"end":{"line":320,"column":5}},"173":{"start":{"line":315,"column":8},"end":{"line":315,"column":27}},"174":{"start":{"line":316,"column":8},"end":{"line":316,"column":50}},"175":{"start":{"line":318,"column":8},"end":{"line":318,"column":22}},"176":{"start":{"line":319,"column":8},"end":{"line":319,"column":24}},"177":{"start":{"line":321,"column":4},"end":{"line":321,"column":18}},"178":{"start":{"line":324,"column":19},"end":{"line":324,"column":23}},"179":{"start":{"line":325,"column":23},"end":{"line":325,"column":43}},"180":{"start":{"line":326,"column":4},"end":{"line":331,"column":5}},"181":{"start":{"line":327,"column":8},"end":{"line":327,"column":54}},"182":{"start":{"line":328,"column":8},"end":{"line":328,"column":95}},"183":{"start":{"line":330,"column":8},"end":{"line":330,"column":29}},"184":{"start":{"line":332,"column":4},"end":{"line":332,"column":24}},"185":{"start":{"line":336,"column":23},"end":{"line":336,"column":27}},"186":{"start":{"line":338,"column":4},"end":{"line":345,"column":5}},"187":{"start":{"line":339,"column":8},"end":{"line":342,"column":9}},"188":{"start":{"line":340,"column":12},"end":{"line":340,"column":36}},"189":{"start":{"line":341,"column":12},"end":{"line":341,"column":27}},"190":{"start":{"line":344,"column":8},"end":{"line":344,"column":24}},"191":{"start":{"line":346,"column":4},"end":{"line":346,"column":19}},"192":{"start":{"line":350,"column":17},"end":{"line":353,"column":5}},"193":{"start":{"line":354,"column":4},"end":{"line":362,"column":5}},"194":{"start":{"line":355,"column":8},"end":{"line":355,"column":38}},"195":{"start":{"line":356,"column":8},"end":{"line":356,"column":21}},"196":{"start":{"line":358,"column":8},"end":{"line":358,"column":24}},"197":{"start":{"line":359,"column":8},"end":{"line":359,"column":27}},"198":{"start":{"line":360,"column":8},"end":{"line":360,"column":26}},"199":{"start":{"line":361,"column":8},"end":{"line":361,"column":21}},"200":{"start":{"line":365,"column":0},"end":{"line":365,"column":24}}},"fnMap":{"0":{"name":"(anonymous_0)","decl":{"start":{"line":23,"column":28},"end":{"line":23,"column":29}},"loc":{"start":{"line":23,"column":51},"end":{"line":42,"column":1}},"line":23},"1":{"name":"(anonymous_1)","decl":{"start":{"line":48,"column":35},"end":{"line":48,"column":36}},"loc":{"start":{"line":48,"column":52},"end":{"line":75,"column":1}},"line":48},"2":{"name":"(anonymous_2)","decl":{"start":{"line":53,"column":21},"end":{"line":53,"column":22}},"loc":{"start":{"line":53,"column":52},"end":{"line":55,"column":9}},"line":53},"3":{"name":"(anonymous_3)","decl":{"start":{"line":56,"column":18},"end":{"line":56,"column":19}},"loc":{"start":{"line":56,"column":49},"end":{"line":59,"column":9}},"line":56},"4":{"name":"(anonymous_4)","decl":{"start":{"line":64,"column":19},"end":{"line":64,"column":20}},"loc":{"start":{"line":64,"column":38},"end":{"line":74,"column":5}},"line":64},"5":{"name":"(anonymous_5)","decl":{"start":{"line":77,"column":45},"end":{"line":77,"column":46}},"loc":{"start":{"line":77,"column":63},"end":{"line":102,"column":1}},"line":77},"6":{"name":"(anonymous_6)","decl":{"start":{"line":104,"column":34},"end":{"line":104,"column":35}},"loc":{"start":{"line":104,"column":52},"end":{"line":168,"column":1}},"line":104},"7":{"name":"(anonymous_7)","decl":{"start":{"line":173,"column":32},"end":{"line":173,"column":33}},"loc":{"start":{"line":173,"column":50},"end":{"line":232,"column":1}},"line":173},"8":{"name":"(anonymous_8)","decl":{"start":{"line":234,"column":38},"end":{"line":234,"column":39}},"loc":{"start":{"line":234,"column":56},"end":{"line":247,"column":1}},"line":234},"9":{"name":"(anonymous_9)","decl":{"start":{"line":251,"column":38},"end":{"line":251,"column":39}},"loc":{"start":{"line":251,"column":55},"end":{"line":264,"column":1}},"line":251},"10":{"name":"(anonymous_10)","decl":{"start":{"line":265,"column":44},"end":{"line":265,"column":45}},"loc":{"start":{"line":265,"column":68},"end":{"line":310,"column":1}},"line":265},"11":{"name":"(anonymous_11)","decl":{"start":{"line":273,"column":73},"end":{"line":273,"column":74}},"loc":{"start":{"line":273,"column":93},"end":{"line":279,"column":17}},"line":273},"12":{"name":"(anonymous_12)","decl":{"start":{"line":293,"column":29},"end":{"line":293,"column":30}},"loc":{"start":{"line":293,"column":48},"end":{"line":296,"column":21}},"line":293},"13":{"name":"deletefileSync","decl":{"start":{"line":311,"column":9},"end":{"line":311,"column":23}},"loc":{"start":{"line":311,"column":33},"end":{"line":322,"column":1}},"line":311},"14":{"name":"deletefolderSync","decl":{"start":{"line":323,"column":9},"end":{"line":323,"column":25}},"loc":{"start":{"line":323,"column":32},"end":{"line":333,"column":1}},"line":323},"15":{"name":"createDirectory","decl":{"start":{"line":335,"column":9},"end":{"line":335,"column":24}},"loc":{"start":{"line":335,"column":30},"end":{"line":347,"column":1}},"line":335},"16":{"name":"rename","decl":{"start":{"line":349,"column":9},"end":{"line":349,"column":15}},"loc":{"start":{"line":349,"column":32},"end":{"line":363,"column":1}},"line":349}},"branchMap":{"0":{"loc":{"start":{"line":27,"column":8},"end":{"line":39,"column":75}},"type":"if","locations":[{"start":{"line":27,"column":8},"end":{"line":39,"column":75}},{"start":{"line":27,"column":8},"end":{"line":39,"column":75}}],"line":27},"1":{"loc":{"start":{"line":65,"column":8},"end":{"line":67,"column":9}},"type":"if","locations":[{"start":{"line":65,"column":8},"end":{"line":67,"column":9}},{"start":{"line":65,"column":8},"end":{"line":67,"column":9}}],"line":65},"2":{"loc":{"start":{"line":79,"column":5},"end":{"line":87,"column":6}},"type":"if","locations":[{"start":{"line":79,"column":5},"end":{"line":87,"column":6}},{"start":{"line":79,"column":5},"end":{"line":87,"column":6}}],"line":79},"3":{"loc":{"start":{"line":90,"column":5},"end":{"line":101,"column":6}},"type":"if","locations":[{"start":{"line":90,"column":5},"end":{"line":101,"column":6}},{"start":{"line":90,"column":5},"end":{"line":101,"column":6}}],"line":90},"4":{"loc":{"start":{"line":98,"column":10},"end":{"line":101,"column":6}},"type":"if","locations":[{"start":{"line":98,"column":10},"end":{"line":101,"column":6}},{"start":{"line":98,"column":10},"end":{"line":101,"column":6}}],"line":98},"5":{"loc":{"start":{"line":117,"column":4},"end":{"line":134,"column":5}},"type":"if","locations":[{"start":{"line":117,"column":4},"end":{"line":134,"column":5}},{"start":{"line":117,"column":4},"end":{"line":134,"column":5}}],"line":117},"6":{"loc":{"start":{"line":139,"column":4},"end":{"line":167,"column":5}},"type":"if","locations":[{"start":{"line":139,"column":4},"end":{"line":167,"column":5}},{"start":{"line":139,"column":4},"end":{"line":167,"column":5}}],"line":139},"7":{"loc":{"start":{"line":140,"column":8},"end":{"line":160,"column":9}},"type":"if","locations":[{"start":{"line":140,"column":8},"end":{"line":160,"column":9}},{"start":{"line":140,"column":8},"end":{"line":160,"column":9}}],"line":140},"8":{"loc":{"start":{"line":161,"column":8},"end":{"line":161,"column":51}},"type":"if","locations":[{"start":{"line":161,"column":8},"end":{"line":161,"column":51}},{"start":{"line":161,"column":8},"end":{"line":161,"column":51}}],"line":161},"9":{"loc":{"start":{"line":163,"column":8},"end":{"line":166,"column":9}},"type":"if","locations":[{"start":{"line":163,"column":8},"end":{"line":166,"column":9}},{"start":{"line":163,"column":8},"end":{"line":166,"column":9}}],"line":163},"10":{"loc":{"start":{"line":164,"column":12},"end":{"line":165,"column":55}},"type":"if","locations":[{"start":{"line":164,"column":12},"end":{"line":165,"column":55}},{"start":{"line":164,"column":12},"end":{"line":165,"column":55}}],"line":164},"11":{"loc":{"start":{"line":190,"column":4},"end":{"line":191,"column":43}},"type":"if","locations":[{"start":{"line":190,"column":4},"end":{"line":191,"column":43}},{"start":{"line":190,"column":4},"end":{"line":191,"column":43}}],"line":190},"12":{"loc":{"start":{"line":204,"column":4},"end":{"line":231,"column":5}},"type":"if","locations":[{"start":{"line":204,"column":4},"end":{"line":231,"column":5}},{"start":{"line":204,"column":4},"end":{"line":231,"column":5}}],"line":204},"13":{"loc":{"start":{"line":205,"column":8},"end":{"line":225,"column":9}},"type":"if","locations":[{"start":{"line":205,"column":8},"end":{"line":225,"column":9}},{"start":{"line":205,"column":8},"end":{"line":225,"column":9}}],"line":205},"14":{"loc":{"start":{"line":229,"column":8},"end":{"line":230,"column":77}},"type":"if","locations":[{"start":{"line":229,"column":8},"end":{"line":230,"column":77}},{"start":{"line":229,"column":8},"end":{"line":230,"column":77}}],"line":229},"15":{"loc":{"start":{"line":239,"column":5},"end":{"line":244,"column":6}},"type":"if","locations":[{"start":{"line":239,"column":5},"end":{"line":244,"column":6}},{"start":{"line":239,"column":5},"end":{"line":244,"column":6}}],"line":239},"16":{"loc":{"start":{"line":242,"column":10},"end":{"line":244,"column":6}},"type":"if","locations":[{"start":{"line":242,"column":10},"end":{"line":244,"column":6}},{"start":{"line":242,"column":10},"end":{"line":244,"column":6}}],"line":242},"17":{"loc":{"start":{"line":245,"column":5},"end":{"line":246,"column":28}},"type":"if","locations":[{"start":{"line":245,"column":5},"end":{"line":246,"column":28}},{"start":{"line":245,"column":5},"end":{"line":246,"column":28}}],"line":245},"18":{"loc":{"start":{"line":255,"column":9},"end":{"line":257,"column":10}},"type":"if","locations":[{"start":{"line":255,"column":9},"end":{"line":257,"column":10}},{"start":{"line":255,"column":9},"end":{"line":257,"column":10}}],"line":255},"19":{"loc":{"start":{"line":258,"column":9},"end":{"line":260,"column":10}},"type":"if","locations":[{"start":{"line":258,"column":9},"end":{"line":260,"column":10}},{"start":{"line":258,"column":9},"end":{"line":260,"column":10}}],"line":258},"20":{"loc":{"start":{"line":269,"column":8},"end":{"line":305,"column":9}},"type":"if","locations":[{"start":{"line":269,"column":8},"end":{"line":305,"column":9}},{"start":{"line":269,"column":8},"end":{"line":305,"column":9}}],"line":269},"21":{"loc":{"start":{"line":274,"column":20},"end":{"line":278,"column":21}},"type":"if","locations":[{"start":{"line":274,"column":20},"end":{"line":278,"column":21}},{"start":{"line":274,"column":20},"end":{"line":278,"column":21}}],"line":274},"22":{"loc":{"start":{"line":276,"column":24},"end":{"line":276,"column":61}},"type":"if","locations":[{"start":{"line":276,"column":24},"end":{"line":276,"column":61}},{"start":{"line":276,"column":24},"end":{"line":276,"column":61}}],"line":276},"23":{"loc":{"start":{"line":280,"column":16},"end":{"line":297,"column":17}},"type":"if","locations":[{"start":{"line":280,"column":16},"end":{"line":297,"column":17}},{"start":{"line":280,"column":16},"end":{"line":297,"column":17}}],"line":280},"24":{"loc":{"start":{"line":294,"column":24},"end":{"line":294,"column":95}},"type":"if","locations":[{"start":{"line":294,"column":24},"end":{"line":294,"column":95}},{"start":{"line":294,"column":24},"end":{"line":294,"column":95}}],"line":294},"25":{"loc":{"start":{"line":302,"column":13},"end":{"line":305,"column":9}},"type":"if","locations":[{"start":{"line":302,"column":13},"end":{"line":305,"column":9}},{"start":{"line":302,"column":13},"end":{"line":305,"column":9}}],"line":302},"26":{"loc":{"start":{"line":339,"column":8},"end":{"line":342,"column":9}},"type":"if","locations":[{"start":{"line":339,"column":8},"end":{"line":342,"column":9}},{"start":{"line":339,"column":8},"end":{"line":342,"column":9}}],"line":339}},"s":{"0":1,"1":1,"2":1,"3":1,"4":1,"5":1,"6":1,"7":1,"8":1,"9":1,"10":1,"11":1,"12":1,"13":1,"14":1,"15":1,"16":2,"17":2,"18":3,"19":3,"20":2,"21":1,"22":2,"23":1,"24":1,"25":1,"26":1,"27":1,"28":1,"29":1,"30":1,"31":1,"32":0,"33":1,"34":1,"35":1,"36":2,"37":1,"38":1,"39":1,"40":1,"41":2,"42":2,"43":2,"44":2,"45":0,"46":0,"47":0,"48":1,"49":3,"50":3,"51":3,"52":3,"53":3,"54":1,"55":1,"56":3,"57":3,"58":1,"59":1,"60":1,"61":1,"62":1,"63":1,"64":1,"65":1,"66":1,"67":1,"68":1,"69":1,"70":1,"71":1,"72":2,"73":2,"74":2,"75":2,"76":2,"77":2,"78":1,"79":1,"80":1,"81":1,"82":2,"83":2,"84":0,"85":0,"86":0,"87":0,"88":1,"89":3,"90":3,"91":3,"92":2,"93":2,"94":1,"95":1,"96":1,"97":0,"98":0,"99":1,"100":0,"101":1,"102":1,"103":1,"104":1,"105":1,"106":1,"107":1,"108":1,"109":0,"110":1,"111":1,"112":1,"113":1,"114":0,"115":0,"116":1,"117":0,"118":0,"119":0,"120":1,"121":2,"122":2,"123":2,"124":2,"125":1,"126":1,"127":1,"128":2,"129":2,"130":0,"131":1,"132":1,"133":1,"134":1,"135":1,"136":1,"137":1,"138":0,"139":0,"140":1,"141":1,"142":1,"143":1,"144":1,"145":1,"146":1,"147":1,"148":1,"149":1,"150":0,"151":1,"152":0,"153":1,"154":1,"155":0,"156":0,"157":0,"158":1,"159":1,"160":1,"161":1,"162":1,"163":0,"164":1,"165":0,"166":0,"167":0,"168":0,"169":0,"170":0,"171":1,"172":1,"173":1,"174":1,"175":0,"176":0,"177":1,"178":1,"179":1,"180":1,"181":1,"182":1,"183":0,"184":1,"185":2,"186":2,"187":2,"188":2,"189":2,"190":0,"191":2,"192":3,"193":3,"194":3,"195":3,"196":0,"197":0,"198":0,"199":0,"200":1},"f":{"0":2,"1":1,"2":1,"3":1,"4":1,"5":2,"6":3,"7":3,"8":2,"9":1,"10":1,"11":1,"12":1,"13":1,"14":1,"15":2,"16":3},"b":{"0":[2,1],"1":[0,1],"2":[1,1],"3":[2,0],"4":[0,0],"5":[1,1],"6":[2,0],"7":[1,1],"8":[2,0],"9":[0,0],"10":[0,0],"11":[0,1],"12":[1,0],"13":[1,0],"14":[0,0],"15":[1,1],"16":[1,0],"17":[2,0],"18":[1,0],"19":[0,1],"20":[1,0],"21":[0,1],"22":[0,1],"23":[0,1],"24":[0,1],"25":[0,0],"26":[2,0]},"_coverageSchema":"1a1c01bbd47fc00a2c39e90264f33305004495a9","hash":"5d7f75b46b5597887721a3e9d5492de5b3e3b0df"}
,"/home/volkan/WebstormProjects/Fileshare/index.js": {"path":"/home/volkan/WebstormProjects/Fileshare/index.js","statementMap":{"0":{"start":{"line":1,"column":10},"end":{"line":1,"column":26}},"1":{"start":{"line":2,"column":13},"end":{"line":2,"column":58}},"2":{"start":{"line":3,"column":13},"end":{"line":5,"column":2}},"3":{"start":{"line":4,"column":2},"end":{"line":4,"column":58}},"4":{"start":{"line":8,"column":0},"end":{"line":15,"column":3}},"5":{"start":{"line":9,"column":2},"end":{"line":14,"column":5}},"6":{"start":{"line":16,"column":0},"end":{"line":16,"column":33}}},"fnMap":{"0":{"name":"(anonymous_0)","decl":{"start":{"line":3,"column":30},"end":{"line":3,"column":31}},"loc":{"start":{"line":3,"column":41},"end":{"line":5,"column":1}},"line":3},"1":{"name":"(anonymous_1)","decl":{"start":{"line":8,"column":13},"end":{"line":8,"column":14}},"loc":{"start":{"line":8,"column":41},"end":{"line":15,"column":1}},"line":8}},"branchMap":{"0":{"loc":{"start":{"line":2,"column":13},"end":{"line":2,"column":58}},"type":"cond-expr","locations":[{"start":{"line":2,"column":47},"end":{"line":2,"column":51}},{"start":{"line":2,"column":54},"end":{"line":2,"column":58}}],"line":2}},"s":{"0":1,"1":1,"2":1,"3":1,"4":1,"5":1,"6":1},"f":{"0":1,"1":1},"b":{"0":[1,0]},"_coverageSchema":"1a1c01bbd47fc00a2c39e90264f33305004495a9","hash":"fa17a3ec0fefd53e2db709c48c5a10a6d9f0fac2"}
,"/home/volkan/WebstormProjects/Fileshare/users.js": {"path":"/home/volkan/WebstormProjects/Fileshare/users.js","statementMap":{"0":{"start":{"line":1,"column":16},"end":{"line":1,"column":34}},"1":{"start":{"line":2,"column":11},"end":{"line":2,"column":24}},"2":{"start":{"line":3,"column":17},"end":{"line":3,"column":36}},"3":{"start":{"line":4,"column":14},"end":{"line":4,"column":32}},"4":{"start":{"line":5,"column":19},"end":{"line":5,"column":41}},"5":{"start":{"line":6,"column":14},"end":{"line":6,"column":30}},"6":{"start":{"line":7,"column":13},"end":{"line":7,"column":29}},"7":{"start":{"line":8,"column":11},"end":{"line":8,"column":26}},"8":{"start":{"line":9,"column":0},"end":{"line":9,"column":53}},"9":{"start":{"line":10,"column":0},"end":{"line":10,"column":30}},"10":{"start":{"line":11,"column":13},"end":{"line":11,"column":32}},"11":{"start":{"line":12,"column":10},"end":{"line":12,"column":33}},"12":{"start":{"line":13,"column":18},"end":{"line":13,"column":47}},"13":{"start":{"line":14,"column":13},"end":{"line":14,"column":32}},"14":{"start":{"line":15,"column":11},"end":{"line":15,"column":36}},"15":{"start":{"line":17,"column":0},"end":{"line":17,"column":18}},"16":{"start":{"line":21,"column":0},"end":{"line":21,"column":30}},"17":{"start":{"line":47,"column":0},"end":{"line":68,"column":3}},"18":{"start":{"line":50,"column":4},"end":{"line":50,"column":97}},"19":{"start":{"line":50,"column":36},"end":{"line":50,"column":97}},"20":{"start":{"line":53,"column":4},"end":{"line":67,"column":7}},"21":{"start":{"line":54,"column":8},"end":{"line":54,"column":89}},"22":{"start":{"line":54,"column":17},"end":{"line":54,"column":89}},"23":{"start":{"line":55,"column":8},"end":{"line":55,"column":68}},"24":{"start":{"line":55,"column":19},"end":{"line":55,"column":68}},"25":{"start":{"line":56,"column":23},"end":{"line":56,"column":55}},"26":{"start":{"line":59,"column":8},"end":{"line":64,"column":9}},"27":{"start":{"line":66,"column":8},"end":{"line":66,"column":39}},"28":{"start":{"line":70,"column":0},"end":{"line":113,"column":3}},"29":{"start":{"line":72,"column":25},"end":{"line":72,"column":62}},"30":{"start":{"line":73,"column":4},"end":{"line":112,"column":7}},"31":{"start":{"line":74,"column":8},"end":{"line":74,"column":26}},"32":{"start":{"line":75,"column":8},"end":{"line":79,"column":9}},"33":{"start":{"line":76,"column":12},"end":{"line":76,"column":28}},"34":{"start":{"line":77,"column":12},"end":{"line":77,"column":36}},"35":{"start":{"line":78,"column":12},"end":{"line":78,"column":24}},"36":{"start":{"line":80,"column":8},"end":{"line":111,"column":11}},"37":{"start":{"line":87,"column":16},"end":{"line":87,"column":102}},"38":{"start":{"line":87,"column":25},"end":{"line":87,"column":102}},"39":{"start":{"line":90,"column":28},"end":{"line":92,"column":18}},"40":{"start":{"line":94,"column":33},"end":{"line":94,"column":55}},"41":{"start":{"line":97,"column":12},"end":{"line":110,"column":15}},"42":{"start":{"line":117,"column":23},"end":{"line":117,"column":46}},"43":{"start":{"line":119,"column":4},"end":{"line":128,"column":5}},"44":{"start":{"line":120,"column":8},"end":{"line":124,"column":72}},"45":{"start":{"line":121,"column":12},"end":{"line":121,"column":36}},"46":{"start":{"line":122,"column":12},"end":{"line":122,"column":91}},"47":{"start":{"line":124,"column":12},"end":{"line":124,"column":72}},"48":{"start":{"line":126,"column":8},"end":{"line":126,"column":28}},"49":{"start":{"line":127,"column":8},"end":{"line":127,"column":28}},"50":{"start":{"line":129,"column":4},"end":{"line":129,"column":24}},"51":{"start":{"line":133,"column":19},"end":{"line":133,"column":42}},"52":{"start":{"line":134,"column":23},"end":{"line":134,"column":43}},"53":{"start":{"line":135,"column":4},"end":{"line":140,"column":5}},"54":{"start":{"line":136,"column":8},"end":{"line":136,"column":54}},"55":{"start":{"line":137,"column":8},"end":{"line":137,"column":84}},"56":{"start":{"line":139,"column":8},"end":{"line":139,"column":29}},"57":{"start":{"line":141,"column":4},"end":{"line":141,"column":48}},"58":{"start":{"line":142,"column":4},"end":{"line":142,"column":24}},"59":{"start":{"line":145,"column":0},"end":{"line":170,"column":3}},"60":{"start":{"line":148,"column":4},"end":{"line":148,"column":99}},"61":{"start":{"line":148,"column":36},"end":{"line":148,"column":99}},"62":{"start":{"line":151,"column":25},"end":{"line":151,"column":62}},"63":{"start":{"line":152,"column":4},"end":{"line":152,"column":39}},"64":{"start":{"line":155,"column":4},"end":{"line":169,"column":7}},"65":{"start":{"line":156,"column":8},"end":{"line":156,"column":90}},"66":{"start":{"line":156,"column":17},"end":{"line":156,"column":90}},"67":{"start":{"line":157,"column":23},"end":{"line":157,"column":55}},"68":{"start":{"line":160,"column":8},"end":{"line":165,"column":10}},"69":{"start":{"line":166,"column":8},"end":{"line":166,"column":33}},"70":{"start":{"line":168,"column":8},"end":{"line":168,"column":39}},"71":{"start":{"line":172,"column":0},"end":{"line":190,"column":2}},"72":{"start":{"line":175,"column":4},"end":{"line":175,"column":100}},"73":{"start":{"line":175,"column":36},"end":{"line":175,"column":100}},"74":{"start":{"line":178,"column":4},"end":{"line":189,"column":7}},"75":{"start":{"line":179,"column":8},"end":{"line":179,"column":99}},"76":{"start":{"line":179,"column":26},"end":{"line":179,"column":99}},"77":{"start":{"line":180,"column":8},"end":{"line":180,"column":36}},"78":{"start":{"line":183,"column":8},"end":{"line":188,"column":11}},"79":{"start":{"line":192,"column":0},"end":{"line":192,"column":24}}},"fnMap":{"0":{"name":"(anonymous_0)","decl":{"start":{"line":47,"column":32},"end":{"line":47,"column":33}},"loc":{"start":{"line":47,"column":52},"end":{"line":68,"column":1}},"line":47},"1":{"name":"(anonymous_1)","decl":{"start":{"line":53,"column":48},"end":{"line":53,"column":49}},"loc":{"start":{"line":53,"column":69},"end":{"line":67,"column":5}},"line":53},"2":{"name":"(anonymous_2)","decl":{"start":{"line":70,"column":23},"end":{"line":70,"column":24}},"loc":{"start":{"line":70,"column":43},"end":{"line":113,"column":1}},"line":70},"3":{"name":"(anonymous_3)","decl":{"start":{"line":73,"column":42},"end":{"line":73,"column":43}},"loc":{"start":{"line":73,"column":63},"end":{"line":112,"column":5}},"line":73},"4":{"name":"(anonymous_4)","decl":{"start":{"line":86,"column":12},"end":{"line":86,"column":13}},"loc":{"start":{"line":86,"column":33},"end":{"line":111,"column":9}},"line":86},"5":{"name":"createfolder","decl":{"start":{"line":116,"column":9},"end":{"line":116,"column":21}},"loc":{"start":{"line":116,"column":31},"end":{"line":130,"column":1}},"line":116},"6":{"name":"deletefolder","decl":{"start":{"line":132,"column":9},"end":{"line":132,"column":21}},"loc":{"start":{"line":132,"column":31},"end":{"line":143,"column":1}},"line":132},"7":{"name":"(anonymous_7)","decl":{"start":{"line":145,"column":39},"end":{"line":145,"column":40}},"loc":{"start":{"line":145,"column":59},"end":{"line":170,"column":1}},"line":145},"8":{"name":"(anonymous_8)","decl":{"start":{"line":155,"column":65},"end":{"line":155,"column":66}},"loc":{"start":{"line":155,"column":86},"end":{"line":169,"column":5}},"line":155},"9":{"name":"(anonymous_9)","decl":{"start":{"line":172,"column":42},"end":{"line":172,"column":43}},"loc":{"start":{"line":172,"column":62},"end":{"line":190,"column":1}},"line":172},"10":{"name":"(anonymous_10)","decl":{"start":{"line":178,"column":42},"end":{"line":178,"column":43}},"loc":{"start":{"line":178,"column":63},"end":{"line":189,"column":5}},"line":178}},"branchMap":{"0":{"loc":{"start":{"line":50,"column":4},"end":{"line":50,"column":97}},"type":"if","locations":[{"start":{"line":50,"column":4},"end":{"line":50,"column":97}},{"start":{"line":50,"column":4},"end":{"line":50,"column":97}}],"line":50},"1":{"loc":{"start":{"line":54,"column":8},"end":{"line":54,"column":89}},"type":"if","locations":[{"start":{"line":54,"column":8},"end":{"line":54,"column":89}},{"start":{"line":54,"column":8},"end":{"line":54,"column":89}}],"line":54},"2":{"loc":{"start":{"line":55,"column":8},"end":{"line":55,"column":68}},"type":"if","locations":[{"start":{"line":55,"column":8},"end":{"line":55,"column":68}},{"start":{"line":55,"column":8},"end":{"line":55,"column":68}}],"line":55},"3":{"loc":{"start":{"line":75,"column":8},"end":{"line":79,"column":9}},"type":"if","locations":[{"start":{"line":75,"column":8},"end":{"line":79,"column":9}},{"start":{"line":75,"column":8},"end":{"line":79,"column":9}}],"line":75},"4":{"loc":{"start":{"line":87,"column":16},"end":{"line":87,"column":102}},"type":"if","locations":[{"start":{"line":87,"column":16},"end":{"line":87,"column":102}},{"start":{"line":87,"column":16},"end":{"line":87,"column":102}}],"line":87},"5":{"loc":{"start":{"line":120,"column":8},"end":{"line":124,"column":72}},"type":"if","locations":[{"start":{"line":120,"column":8},"end":{"line":124,"column":72}},{"start":{"line":120,"column":8},"end":{"line":124,"column":72}}],"line":120},"6":{"loc":{"start":{"line":148,"column":4},"end":{"line":148,"column":99}},"type":"if","locations":[{"start":{"line":148,"column":4},"end":{"line":148,"column":99}},{"start":{"line":148,"column":4},"end":{"line":148,"column":99}}],"line":148},"7":{"loc":{"start":{"line":156,"column":8},"end":{"line":156,"column":90}},"type":"if","locations":[{"start":{"line":156,"column":8},"end":{"line":156,"column":90}},{"start":{"line":156,"column":8},"end":{"line":156,"column":90}}],"line":156},"8":{"loc":{"start":{"line":175,"column":4},"end":{"line":175,"column":100}},"type":"if","locations":[{"start":{"line":175,"column":4},"end":{"line":175,"column":100}},{"start":{"line":175,"column":4},"end":{"line":175,"column":100}}],"line":175},"9":{"loc":{"start":{"line":179,"column":8},"end":{"line":179,"column":99}},"type":"if","locations":[{"start":{"line":179,"column":8},"end":{"line":179,"column":99}},{"start":{"line":179,"column":8},"end":{"line":179,"column":99}}],"line":179},"10":{"loc":{"start":{"line":179,"column":12},"end":{"line":179,"column":24}},"type":"binary-expr","locations":[{"start":{"line":179,"column":12},"end":{"line":179,"column":15}},{"start":{"line":179,"column":19},"end":{"line":179,"column":24}}],"line":179}},"s":{"0":1,"1":1,"2":1,"3":1,"4":1,"5":1,"6":1,"7":1,"8":1,"9":1,"10":1,"11":1,"12":1,"13":1,"14":1,"15":1,"16":1,"17":1,"18":1,"19":0,"20":1,"21":1,"22":0,"23":1,"24":0,"25":1,"26":1,"27":1,"28":1,"29":1,"30":1,"31":1,"32":1,"33":0,"34":0,"35":0,"36":1,"37":1,"38":0,"39":1,"40":1,"41":1,"42":1,"43":1,"44":1,"45":1,"46":1,"47":0,"48":0,"49":0,"50":1,"51":1,"52":1,"53":1,"54":1,"55":1,"56":0,"57":1,"58":1,"59":1,"60":1,"61":0,"62":1,"63":1,"64":1,"65":1,"66":0,"67":1,"68":1,"69":1,"70":1,"71":1,"72":1,"73":0,"74":1,"75":1,"76":0,"77":1,"78":1,"79":1},"f":{"0":1,"1":1,"2":1,"3":1,"4":1,"5":1,"6":1,"7":1,"8":1,"9":1,"10":1},"b":{"0":[0,1],"1":[0,1],"2":[0,1],"3":[0,1],"4":[0,1],"5":[1,0],"6":[0,1],"7":[0,1],"8":[0,1],"9":[0,1],"10":[1,1]},"_coverageSchema":"1a1c01bbd47fc00a2c39e90264f33305004495a9","hash":"cd44c1bded38401ca3deb884f1ee645572b0f544"}
,"/home/volkan/WebstormProjects/Fileshare/Schemas/User.js": {"path":"/home/volkan/WebstormProjects/Fileshare/Schemas/User.js","statementMap":{"0":{"start":{"line":1,"column":15},"end":{"line":1,"column":34}},"1":{"start":{"line":2,"column":17},"end":{"line":7,"column":2}},"2":{"start":{"line":8,"column":0},"end":{"line":8,"column":35}},"3":{"start":{"line":10,"column":0},"end":{"line":10,"column":40}}},"fnMap":{},"branchMap":{},"s":{"0":1,"1":1,"2":1,"3":1},"f":{},"b":{},"_coverageSchema":"1a1c01bbd47fc00a2c39e90264f33305004495a9","hash":"04efbde2e072dc8e1202ce3ca1e6257853879830"}
,"/home/volkan/WebstormProjects/Fileshare/Schemas/url.js": {"path":"/home/volkan/WebstormProjects/Fileshare/Schemas/url.js","statementMap":{"0":{"start":{"line":1,"column":15},"end":{"line":1,"column":34}},"1":{"start":{"line":2,"column":16},"end":{"line":6,"column":2}},"2":{"start":{"line":8,"column":0},"end":{"line":8,"column":48}}},"fnMap":{},"branchMap":{},"s":{"0":1,"1":1,"2":1},"f":{},"b":{},"_coverageSchema":"1a1c01bbd47fc00a2c39e90264f33305004495a9","hash":"53553bb66faecad58027176c12362fdb6d221a9e"}
,"/home/volkan/WebstormProjects/Fileshare/auth/AuthController.js": {"path":"/home/volkan/WebstormProjects/Fileshare/auth/AuthController.js","statementMap":{"0":{"start":{"line":1,"column":14},"end":{"line":1,"column":32}},"1":{"start":{"line":2,"column":13},"end":{"line":2,"column":29}},"2":{"start":{"line":3,"column":17},"end":{"line":3,"column":39}},"3":{"start":{"line":4,"column":11},"end":{"line":4,"column":26}},"4":{"start":{"line":5,"column":0},"end":{"line":5,"column":55}},"5":{"start":{"line":6,"column":0},"end":{"line":6,"column":30}},"6":{"start":{"line":7,"column":10},"end":{"line":7,"column":33}},"7":{"start":{"line":8,"column":11},"end":{"line":8,"column":24}},"8":{"start":{"line":9,"column":13},"end":{"line":9,"column":32}},"9":{"start":{"line":10,"column":13},"end":{"line":10,"column":33}},"10":{"start":{"line":11,"column":18},"end":{"line":11,"column":42}},"11":{"start":{"line":12,"column":11},"end":{"line":12,"column":37}},"12":{"start":{"line":14,"column":0},"end":{"line":14,"column":19}},"13":{"start":{"line":16,"column":0},"end":{"line":31,"column":3}},"14":{"start":{"line":17,"column":4},"end":{"line":30,"column":7}},"15":{"start":{"line":18,"column":8},"end":{"line":18,"column":61}},"16":{"start":{"line":18,"column":16},"end":{"line":18,"column":61}},"17":{"start":{"line":19,"column":8},"end":{"line":19,"column":81}},"18":{"start":{"line":19,"column":35},"end":{"line":19,"column":81}},"19":{"start":{"line":20,"column":8},"end":{"line":20,"column":87}},"20":{"start":{"line":20,"column":38},"end":{"line":20,"column":87}},"21":{"start":{"line":21,"column":8},"end":{"line":21,"column":67}},"22":{"start":{"line":21,"column":18},"end":{"line":21,"column":67}},"23":{"start":{"line":23,"column":8},"end":{"line":24,"column":77}},"24":{"start":{"line":24,"column":12},"end":{"line":24,"column":77}},"25":{"start":{"line":26,"column":20},"end":{"line":28,"column":10}},"26":{"start":{"line":29,"column":8},"end":{"line":29,"column":107}},"27":{"start":{"line":33,"column":0},"end":{"line":33,"column":24}}},"fnMap":{"0":{"name":"(anonymous_0)","decl":{"start":{"line":16,"column":21},"end":{"line":16,"column":22}},"loc":{"start":{"line":16,"column":41},"end":{"line":31,"column":1}},"line":16},"1":{"name":"(anonymous_1)","decl":{"start":{"line":17,"column":42},"end":{"line":17,"column":43}},"loc":{"start":{"line":17,"column":63},"end":{"line":30,"column":5}},"line":17}},"branchMap":{"0":{"loc":{"start":{"line":18,"column":8},"end":{"line":18,"column":61}},"type":"if","locations":[{"start":{"line":18,"column":8},"end":{"line":18,"column":61}},{"start":{"line":18,"column":8},"end":{"line":18,"column":61}}],"line":18},"1":{"loc":{"start":{"line":19,"column":8},"end":{"line":19,"column":81}},"type":"if","locations":[{"start":{"line":19,"column":8},"end":{"line":19,"column":81}},{"start":{"line":19,"column":8},"end":{"line":19,"column":81}}],"line":19},"2":{"loc":{"start":{"line":20,"column":8},"end":{"line":20,"column":87}},"type":"if","locations":[{"start":{"line":20,"column":8},"end":{"line":20,"column":87}},{"start":{"line":20,"column":8},"end":{"line":20,"column":87}}],"line":20},"3":{"loc":{"start":{"line":21,"column":8},"end":{"line":21,"column":67}},"type":"if","locations":[{"start":{"line":21,"column":8},"end":{"line":21,"column":67}},{"start":{"line":21,"column":8},"end":{"line":21,"column":67}}],"line":21},"4":{"loc":{"start":{"line":23,"column":8},"end":{"line":24,"column":77}},"type":"if","locations":[{"start":{"line":23,"column":8},"end":{"line":24,"column":77}},{"start":{"line":23,"column":8},"end":{"line":24,"column":77}}],"line":23}},"s":{"0":1,"1":1,"2":1,"3":1,"4":1,"5":1,"6":1,"7":1,"8":1,"9":1,"10":1,"11":1,"12":1,"13":1,"14":1,"15":1,"16":0,"17":1,"18":0,"19":1,"20":0,"21":1,"22":0,"23":1,"24":0,"25":1,"26":1,"27":1},"f":{"0":1,"1":1},"b":{"0":[0,1],"1":[0,1],"2":[0,1],"3":[0,1],"4":[0,1]},"_coverageSchema":"1a1c01bbd47fc00a2c39e90264f33305004495a9","hash":"78c335401cf5d69e4dd7e6411a3c0a4a7933abd0"}
,"/home/volkan/WebstormProjects/Fileshare/auth/VerifyToken.js": {"path":"/home/volkan/WebstormProjects/Fileshare/auth/VerifyToken.js","statementMap":{"0":{"start":{"line":1,"column":10},"end":{"line":1,"column":33}},"1":{"start":{"line":2,"column":13},"end":{"line":2,"column":33}},"2":{"start":{"line":7,"column":14},"end":{"line":7,"column":43}},"3":{"start":{"line":8,"column":2},"end":{"line":9,"column":80}},"4":{"start":{"line":9,"column":4},"end":{"line":9,"column":80}},"5":{"start":{"line":12,"column":2},"end":{"line":19,"column":5}},"6":{"start":{"line":13,"column":4},"end":{"line":14,"column":93}},"7":{"start":{"line":14,"column":6},"end":{"line":14,"column":93}},"8":{"start":{"line":17,"column":4},"end":{"line":17,"column":28}},"9":{"start":{"line":18,"column":4},"end":{"line":18,"column":11}},"10":{"start":{"line":23,"column":0},"end":{"line":23,"column":29}}},"fnMap":{"0":{"name":"verifyToken","decl":{"start":{"line":4,"column":9},"end":{"line":4,"column":20}},"loc":{"start":{"line":4,"column":37},"end":{"line":21,"column":1}},"line":4},"1":{"name":"(anonymous_1)","decl":{"start":{"line":12,"column":35},"end":{"line":12,"column":36}},"loc":{"start":{"line":12,"column":58},"end":{"line":19,"column":3}},"line":12}},"branchMap":{"0":{"loc":{"start":{"line":8,"column":2},"end":{"line":9,"column":80}},"type":"if","locations":[{"start":{"line":8,"column":2},"end":{"line":9,"column":80}},{"start":{"line":8,"column":2},"end":{"line":9,"column":80}}],"line":8},"1":{"loc":{"start":{"line":13,"column":4},"end":{"line":14,"column":93}},"type":"if","locations":[{"start":{"line":13,"column":4},"end":{"line":14,"column":93}},{"start":{"line":13,"column":4},"end":{"line":14,"column":93}}],"line":13}},"s":{"0":1,"1":1,"2":18,"3":18,"4":0,"5":18,"6":18,"7":0,"8":18,"9":18,"10":1},"f":{"0":18,"1":18},"b":{"0":[0,18],"1":[0,18]},"_coverageSchema":"1a1c01bbd47fc00a2c39e90264f33305004495a9","hash":"6784d05b486612d24c8cec039bf956ed0423eac2"}
}
