TN:
SF:app.js
FN:12,(anonymous_0)
FNF:1
FNH:0
FNDA:0,(anonymous_0)
DA:1,1
DA:2,1
DA:3,1
DA:4,1
DA:5,1
DA:6,1
DA:7,1
DA:8,1
DA:9,1
DA:10,1
DA:12,1
DA:13,0
DA:14,0
DA:15,0
DA:16,0
DA:18,0
DA:20,1
LF:17
LH:12
BRDA:15,0,0,0
BRDA:15,0,1,0
BRF:2
BRH:0
end_of_record
TN:
SF:config.js
FNF:0
FNH:0
DA:2,1
LF:1
LH:1
BRF:0
BRH:0
end_of_record
TN:
SF:db.js
FN:3,(anonymous_0)
FN:3,(anonymous_1)
FN:5,(anonymous_2)
FN:5,(anonymous_3)
FNF:4
FNH:1
FNDA:1,(anonymous_0)
FNDA:0,(anonymous_1)
FNDA:0,(anonymous_2)
FNDA:0,(anonymous_3)
DA:1,1
DA:2,1
DA:3,1
DA:5,0
DA:6,0
LF:5
LH:3
BRDA:2,0,0,1
BRDA:2,0,1,0
BRF:2
BRH:1
end_of_record
TN:
SF:fileupload.js
FN:23,(anonymous_0)
FN:48,(anonymous_1)
FN:53,(anonymous_2)
FN:56,(anonymous_3)
FN:64,(anonymous_4)
FN:77,(anonymous_5)
FN:104,(anonymous_6)
FN:173,(anonymous_7)
FN:234,(anonymous_8)
FN:251,(anonymous_9)
FN:265,(anonymous_10)
FN:273,(anonymous_11)
FN:293,(anonymous_12)
FN:311,deletefileSync
FN:323,deletefolderSync
FN:335,createDirectory
FN:349,rename
FNF:17
FNH:17
FNDA:2,(anonymous_0)
FNDA:1,(anonymous_1)
FNDA:1,(anonymous_2)
FNDA:1,(anonymous_3)
FNDA:1,(anonymous_4)
FNDA:2,(anonymous_5)
FNDA:3,(anonymous_6)
FNDA:3,(anonymous_7)
FNDA:2,(anonymous_8)
FNDA:1,(anonymous_9)
FNDA:1,(anonymous_10)
FNDA:1,(anonymous_11)
FNDA:1,(anonymous_12)
FNDA:1,deletefileSync
FNDA:1,deletefolderSync
FNDA:2,createDirectory
FNDA:3,rename
DA:1,1
DA:2,1
DA:3,1
DA:4,1
DA:5,1
DA:6,1
DA:7,1
DA:8,1
DA:9,1
DA:10,1
DA:11,1
DA:12,1
DA:13,1
DA:14,1
DA:16,1
DA:23,1
DA:24,2
DA:25,2
DA:26,3
DA:27,3
DA:28,2
DA:35,1
DA:41,2
DA:48,1
DA:50,1
DA:52,1
DA:54,1
DA:57,1
DA:58,1
DA:62,1
DA:64,1
DA:65,1
DA:66,0
DA:68,1
DA:69,1
DA:77,1
DA:79,2
DA:80,1
DA:81,1
DA:85,1
DA:86,1
DA:88,2
DA:90,2
DA:91,2
DA:92,2
DA:98,0
DA:99,0
DA:100,0
DA:104,1
DA:105,3
DA:106,3
DA:108,3
DA:109,3
DA:110,3
DA:112,1
DA:113,1
DA:115,3
DA:117,3
DA:118,1
DA:119,1
DA:120,1
DA:121,1
DA:122,1
DA:125,1
DA:126,1
DA:127,1
DA:128,1
DA:129,1
DA:130,1
DA:131,1
DA:132,1
DA:133,1
DA:135,2
DA:136,2
DA:137,2
DA:138,2
DA:139,2
DA:140,2
DA:141,1
DA:142,1
DA:151,1
DA:152,1
DA:161,2
DA:163,0
DA:164,0
DA:165,0
DA:173,1
DA:174,3
DA:176,3
DA:177,3
DA:179,2
DA:180,2
DA:182,1
DA:183,1
DA:184,1
DA:186,0
DA:187,0
DA:190,1
DA:191,1
DA:192,1
DA:193,1
DA:194,1
DA:195,1
DA:197,1
DA:199,1
DA:200,1
DA:202,0
DA:204,1
DA:205,1
DA:206,1
DA:207,1
DA:216,0
DA:217,0
DA:226,1
DA:229,0
DA:230,0
DA:234,1
DA:235,2
DA:236,2
DA:237,2
DA:239,2
DA:240,1
DA:242,1
DA:243,1
DA:245,2
DA:246,0
DA:251,1
DA:252,1
DA:253,1
DA:254,1
DA:255,1
DA:256,1
DA:258,1
DA:259,0
DA:262,0
DA:265,1
DA:266,1
DA:267,1
DA:268,1
DA:269,1
DA:270,1
DA:271,1
DA:272,1
DA:273,1
DA:274,1
DA:276,1
DA:277,1
DA:280,1
DA:281,0
DA:282,0
DA:283,0
DA:286,1
DA:287,1
DA:288,1
DA:293,1
DA:294,1
DA:295,1
DA:299,0
DA:302,0
DA:303,0
DA:304,0
DA:307,0
DA:308,0
DA:312,1
DA:314,1
DA:315,1
DA:316,1
DA:318,0
DA:319,0
DA:321,1
DA:324,1
DA:325,1
DA:326,1
DA:327,1
DA:328,1
DA:330,0
DA:332,1
DA:336,2
DA:338,2
DA:339,2
DA:340,2
DA:341,2
DA:344,0
DA:346,2
DA:350,3
DA:354,3
DA:355,3
DA:356,3
DA:358,0
DA:359,0
DA:360,0
DA:361,0
DA:365,1
LF:193
LH:159
BRDA:27,0,0,2
BRDA:27,0,1,1
BRDA:65,1,0,0
BRDA:65,1,1,1
BRDA:79,2,0,1
BRDA:79,2,1,1
BRDA:90,3,0,2
BRDA:90,3,1,0
BRDA:98,4,0,0
BRDA:98,4,1,0
BRDA:117,5,0,1
BRDA:117,5,1,1
BRDA:139,6,0,2
BRDA:139,6,1,0
BRDA:140,7,0,1
BRDA:140,7,1,1
BRDA:161,8,0,2
BRDA:161,8,1,0
BRDA:163,9,0,0
BRDA:163,9,1,0
BRDA:164,10,0,0
BRDA:164,10,1,0
BRDA:190,11,0,0
BRDA:190,11,1,1
BRDA:204,12,0,1
BRDA:204,12,1,0
BRDA:205,13,0,1
BRDA:205,13,1,0
BRDA:229,14,0,0
BRDA:229,14,1,0
BRDA:239,15,0,1
BRDA:239,15,1,1
BRDA:242,16,0,1
BRDA:242,16,1,0
BRDA:245,17,0,2
BRDA:245,17,1,0
BRDA:255,18,0,1
BRDA:255,18,1,0
BRDA:258,19,0,0
BRDA:258,19,1,1
BRDA:269,20,0,1
BRDA:269,20,1,0
BRDA:274,21,0,0
BRDA:274,21,1,1
BRDA:276,22,0,0
BRDA:276,22,1,1
BRDA:280,23,0,0
BRDA:280,23,1,1
BRDA:294,24,0,0
BRDA:294,24,1,1
BRDA:302,25,0,0
BRDA:302,25,1,0
BRDA:339,26,0,2
BRDA:339,26,1,0
BRF:54
BRH:27
end_of_record
TN:
SF:index.js
FN:3,(anonymous_0)
FN:8,(anonymous_1)
FNF:2
FNH:2
FNDA:1,(anonymous_0)
FNDA:1,(anonymous_1)
DA:1,1
DA:2,1
DA:3,1
DA:4,1
DA:8,1
DA:9,1
DA:16,1
LF:7
LH:7
BRDA:2,0,0,1
BRDA:2,0,1,0
BRF:2
BRH:1
end_of_record
TN:
SF:users.js
FN:47,(anonymous_0)
FN:53,(anonymous_1)
FN:70,(anonymous_2)
FN:73,(anonymous_3)
FN:86,(anonymous_4)
FN:116,createfolder
FN:132,deletefolder
FN:145,(anonymous_7)
FN:155,(anonymous_8)
FN:172,(anonymous_9)
FN:178,(anonymous_10)
FNF:11
FNH:11
FNDA:1,(anonymous_0)
FNDA:1,(anonymous_1)
FNDA:1,(anonymous_2)
FNDA:1,(anonymous_3)
FNDA:1,(anonymous_4)
FNDA:1,createfolder
FNDA:1,deletefolder
FNDA:1,(anonymous_7)
FNDA:1,(anonymous_8)
FNDA:1,(anonymous_9)
FNDA:1,(anonymous_10)
DA:1,1
DA:2,1
DA:3,1
DA:4,1
DA:5,1
DA:6,1
DA:7,1
DA:8,1
DA:9,1
DA:10,1
DA:11,1
DA:12,1
DA:13,1
DA:14,1
DA:15,1
DA:17,1
DA:21,1
DA:47,1
DA:50,1
DA:53,1
DA:54,1
DA:55,1
DA:56,1
DA:59,1
DA:66,1
DA:70,1
DA:72,1
DA:73,1
DA:74,1
DA:75,1
DA:76,0
DA:77,0
DA:78,0
DA:80,1
DA:87,1
DA:90,1
DA:94,1
DA:97,1
DA:117,1
DA:119,1
DA:120,1
DA:121,1
DA:122,1
DA:124,0
DA:126,0
DA:127,0
DA:129,1
DA:133,1
DA:134,1
DA:135,1
DA:136,1
DA:137,1
DA:139,0
DA:141,1
DA:142,1
DA:145,1
DA:148,1
DA:151,1
DA:152,1
DA:155,1
DA:156,1
DA:157,1
DA:160,1
DA:166,1
DA:168,1
DA:172,1
DA:175,1
DA:178,1
DA:179,1
DA:180,1
DA:183,1
DA:192,1
LF:72
LH:65
BRDA:50,0,0,0
BRDA:50,0,1,1
BRDA:54,1,0,0
BRDA:54,1,1,1
BRDA:55,2,0,0
BRDA:55,2,1,1
BRDA:75,3,0,0
BRDA:75,3,1,1
BRDA:87,4,0,0
BRDA:87,4,1,1
BRDA:120,5,0,1
BRDA:120,5,1,0
BRDA:148,6,0,0
BRDA:148,6,1,1
BRDA:156,7,0,0
BRDA:156,7,1,1
BRDA:175,8,0,0
BRDA:175,8,1,1
BRDA:179,9,0,0
BRDA:179,9,1,1
BRDA:179,10,0,1
BRDA:179,10,1,1
BRF:22
BRH:12
end_of_record
TN:
SF:Schemas/User.js
FNF:0
FNH:0
DA:1,1
DA:2,1
DA:8,1
DA:10,1
LF:4
LH:4
BRF:0
BRH:0
end_of_record
TN:
SF:Schemas/url.js
FNF:0
FNH:0
DA:1,1
DA:2,1
DA:8,1
LF:3
LH:3
BRF:0
BRH:0
end_of_record
TN:
SF:auth/AuthController.js
FN:16,(anonymous_0)
FN:17,(anonymous_1)
FNF:2
FNH:2
FNDA:1,(anonymous_0)
FNDA:1,(anonymous_1)
DA:1,1
DA:2,1
DA:3,1
DA:4,1
DA:5,1
DA:6,1
DA:7,1
DA:8,1
DA:9,1
DA:10,1
DA:11,1
DA:12,1
DA:14,1
DA:16,1
DA:17,1
DA:18,1
DA:19,1
DA:20,1
DA:21,1
DA:23,1
DA:24,0
DA:26,1
DA:29,1
DA:33,1
LF:24
LH:23
BRDA:18,0,0,0
BRDA:18,0,1,1
BRDA:19,1,0,0
BRDA:19,1,1,1
BRDA:20,2,0,0
BRDA:20,2,1,1
BRDA:21,3,0,0
BRDA:21,3,1,1
BRDA:23,4,0,0
BRDA:23,4,1,1
BRF:10
BRH:5
end_of_record
TN:
SF:auth/VerifyToken.js
FN:4,verifyToken
FN:12,(anonymous_1)
FNF:2
FNH:2
FNDA:18,verifyToken
FNDA:18,(anonymous_1)
DA:1,1
DA:2,1
DA:7,18
DA:8,18
DA:9,0
DA:12,18
DA:13,18
DA:14,0
DA:17,18
DA:18,18
DA:23,1
LF:11
LH:9
BRDA:8,0,0,0
BRDA:8,0,1,18
BRDA:13,1,0,0
BRDA:13,1,1,18
BRF:4
BRH:2
end_of_record
